<?xml version="1.0" encoding="UTF-8"?>
<!-- Generated by org.testng.reporters.JUnitReportReporter -->
<testsuite hostname="DESKTOP-U92U93D" failures="0" tests="1" name="BANKINGPROJECT.Capstone.TestRunner2" time="12.158" errors="0" timestamp="08 Mar 2024 04:54:23 GMT" skipped="0">
  <testcase classname="BANKINGPROJECT.Capstone.TestRunner2" name="f" time="12.158"/>
</testsuite> <!-- BANKINGPROJECT.Capstone.TestRunner2 -->
