<?xml version="1.0" encoding="UTF-8"?>
<!-- Generated by org.testng.reporters.JUnitReportReporter -->
<testsuite hostname="DESKTOP-U92U93D" failures="0" tests="1" name="BANKINGPROJECT.Capstone.AppTest" time="0.009" errors="0" timestamp="2024-03-08T00:40:31 IST" skipped="0">
  <testcase classname="BANKINGPROJECT.Capstone.AppTest" name="shouldAnswerWithTrue" time="0.009"/>
</testsuite> <!-- BANKINGPROJECT.Capstone.AppTest -->
